<?xml version="1.0" encoding="UTF-8"?>
<testng-results total="1" passed="1" failed="0" skipped="0">
  <reporter-output>
  </reporter-output>
  <suite started-at="2022-05-13T10:24:28Z" name="Default suite" finished-at="2022-05-13T10:27:44Z" duration-ms="195482">
    <groups>
    </groups>
    <test started-at="2022-05-13T10:24:28Z" name="Default test" finished-at="2022-05-13T10:27:44Z" duration-ms="195482">
      <class name="com.fdxMasterScreens.BaseClass">
        <test-method is-config="true" signature="startUp()[pri:0, instance:com.fdxMasterScreens.BaseClass@3f91b517]" started-at="2022-05-13T15:54:09Z" name="startUp" finished-at="2022-05-13T15:54:28Z" duration-ms="18672" status="PASS">
          <reporter-output>
          </reporter-output>
        </test-method> <!-- startUp -->
        <test-method signature="baseMethods()[pri:0, instance:com.fdxMasterScreens.BaseClass@3f91b517]" started-at="2022-05-13T15:54:28Z" name="baseMethods" finished-at="2022-05-13T15:57:44Z" duration-ms="195469" status="PASS">
          <reporter-output>
          </reporter-output>
        </test-method> <!-- baseMethods -->
        <test-method is-config="true" signature="end()[pri:0, instance:com.fdxMasterScreens.BaseClass@3f91b517]" started-at="2022-05-13T15:57:44Z" name="end" finished-at="2022-05-13T15:57:44Z" duration-ms="204" status="PASS">
          <reporter-output>
          </reporter-output>
        </test-method> <!-- end -->
      </class> <!-- com.fdxMasterScreens.BaseClass -->
    </test> <!-- Default test -->
  </suite> <!-- Default suite -->
</testng-results>
