<?xml version="1.0" encoding="UTF-8"?>
<testng-results total="1" passed="1" failed="0" skipped="0">
  <reporter-output>
  </reporter-output>
  <suite started-at="2022-04-07T10:07:52Z" name="Default suite" finished-at="2022-04-07T10:10:12Z" duration-ms="139719">
    <groups>
    </groups>
    <test started-at="2022-04-07T10:07:52Z" name="Default test" finished-at="2022-04-07T10:10:12Z" duration-ms="139719">
      <class name="rateScreenFedEx.RateVerification">
        <test-method is-config="true" signature="startUp()[pri:0, instance:rateScreenFedEx.RateVerification@1339e7aa]" started-at="2022-04-07T15:37:21Z" name="startUp" finished-at="2022-04-07T15:37:52Z" duration-ms="31158" status="PASS">
          <reporter-output>
          </reporter-output>
        </test-method> <!-- startUp -->
        <test-method signature="prService()[pri:0, instance:rateScreenFedEx.RateVerification@1339e7aa]" started-at="2022-04-07T15:37:52Z" name="prService" finished-at="2022-04-07T15:40:12Z" duration-ms="139692" status="PASS">
          <reporter-output>
          </reporter-output>
        </test-method> <!-- prService -->
        <test-method is-config="true" signature="end()[pri:0, instance:rateScreenFedEx.RateVerification@1339e7aa]" started-at="2022-04-07T15:40:12Z" name="end" finished-at="2022-04-07T15:40:12Z" duration-ms="352" status="PASS">
          <reporter-output>
          </reporter-output>
        </test-method> <!-- end -->
      </class> <!-- rateScreenFedEx.RateVerification -->
    </test> <!-- Default test -->
  </suite> <!-- Default suite -->
</testng-results>
