<?xml version="1.0" encoding="UTF-8"?>
<testng-results total="1" passed="0" failed="1" skipped="0">
  <reporter-output>
  </reporter-output>
  <suite started-at="2022-05-24T10:40:52Z" name="Default suite" finished-at="2022-05-24T10:42:30Z" duration-ms="98330">
    <groups>
    </groups>
    <test started-at="2022-05-24T10:40:52Z" name="Default test" finished-at="2022-05-24T10:42:30Z" duration-ms="98330">
      <class name="shipmentFedExWebSite.ShipmentCreation">
        <test-method is-config="true" signature="startUp()[pri:0, instance:shipmentFedExWebSite.ShipmentCreation@56673b2c]" started-at="2022-05-24T16:10:28Z" name="startUp" finished-at="2022-05-24T16:10:52Z" duration-ms="23954" status="PASS">
          <reporter-output>
          </reporter-output>
        </test-method> <!-- startUp -->
        <test-method signature="shipmentCreation()[pri:0, instance:shipmentFedExWebSite.ShipmentCreation@56673b2c]" started-at="2022-05-24T16:10:52Z" name="shipmentCreation" finished-at="2022-05-24T16:12:30Z" duration-ms="98308" status="FAIL">
          <exception class="java.lang.NullPointerException">
            <message>
              <![CDATA[Cannot invoke "String.equalsIgnoreCase(String)" because "Result" is null]]>
            </message>
            <full-stacktrace>
              <![CDATA[java.lang.NullPointerException: Cannot invoke "String.equalsIgnoreCase(String)" because "Result" is null
	at shipmentFedExWebSite.ShipmentCreation.shipmentCreation(ShipmentCreation.java:596)
	at java.base/jdk.internal.reflect.NativeMethodAccessorImpl.invoke0(Native Method)
	at java.base/jdk.internal.reflect.NativeMethodAccessorImpl.invoke(NativeMethodAccessorImpl.java:78)
	at java.base/jdk.internal.reflect.DelegatingMethodAccessorImpl.invoke(DelegatingMethodAccessorImpl.java:43)
	at java.base/java.lang.reflect.Method.invoke(Method.java:567)
	at org.testng.internal.MethodInvocationHelper.invokeMethod(MethodInvocationHelper.java:84)
	at org.testng.internal.Invoker.invokeMethod(Invoker.java:714)
	at org.testng.internal.Invoker.invokeTestMethod(Invoker.java:901)
	at org.testng.internal.Invoker.invokeTestMethods(Invoker.java:1231)
	at org.testng.internal.TestMethodWorker.invokeTestMethods(TestMethodWorker.java:127)
	at org.testng.internal.TestMethodWorker.run(TestMethodWorker.java:111)
	at org.testng.TestRunner.privateRun(TestRunner.java:767)
	at org.testng.TestRunner.run(TestRunner.java:617)
	at org.testng.SuiteRunner.runTest(SuiteRunner.java:334)
	at org.testng.SuiteRunner.runSequentially(SuiteRunner.java:329)
	at org.testng.SuiteRunner.privateRun(SuiteRunner.java:291)
	at org.testng.SuiteRunner.run(SuiteRunner.java:240)
	at org.testng.SuiteRunnerWorker.runSuite(SuiteRunnerWorker.java:52)
	at org.testng.SuiteRunnerWorker.run(SuiteRunnerWorker.java:86)
	at org.testng.TestNG.runSuitesSequentially(TestNG.java:1224)
	at org.testng.TestNG.runSuitesLocally(TestNG.java:1149)
	at org.testng.TestNG.run(TestNG.java:1057)
	at org.testng.remote.AbstractRemoteTestNG.run(AbstractRemoteTestNG.java:115)
	at org.testng.remote.RemoteTestNG.initAndRun(RemoteTestNG.java:251)
	at org.testng.remote.RemoteTestNG.main(RemoteTestNG.java:77)
]]>
            </full-stacktrace>
          </exception> <!-- java.lang.NullPointerException -->
          <reporter-output>
          </reporter-output>
        </test-method> <!-- shipmentCreation -->
        <test-method is-config="true" signature="end()[pri:0, instance:shipmentFedExWebSite.ShipmentCreation@56673b2c]" started-at="2022-05-24T16:12:30Z" name="end" finished-at="2022-05-24T16:12:31Z" duration-ms="345" status="PASS">
          <reporter-output>
          </reporter-output>
        </test-method> <!-- end -->
      </class> <!-- shipmentFedExWebSite.ShipmentCreation -->
    </test> <!-- Default test -->
  </suite> <!-- Default suite -->
</testng-results>
