<?xml version="1.0" encoding="UTF-8"?>
<testng-results total="1" passed="1" failed="0" skipped="0">
  <reporter-output>
  </reporter-output>
  <suite started-at="2022-03-23T06:10:25Z" name="Default suite" finished-at="2022-03-23T06:32:54Z" duration-ms="1349456">
    <groups>
    </groups>
    <test started-at="2022-03-23T06:10:25Z" name="Default test" finished-at="2022-03-23T06:32:54Z" duration-ms="1349456">
      <class name="shipmentFedExWebSite.ShipmentCreation">
        <test-method is-config="true" signature="startUp()[pri:0, instance:shipmentFedExWebSite.ShipmentCreation@68df9280]" started-at="2022-03-23T11:40:02Z" name="startUp" finished-at="2022-03-23T11:40:25Z" duration-ms="22468" status="PASS">
          <reporter-output>
          </reporter-output>
        </test-method> <!-- startUp -->
        <test-method signature="shipmentCreation()[pri:0, instance:shipmentFedExWebSite.ShipmentCreation@68df9280]" started-at="2022-03-23T11:40:25Z" name="shipmentCreation" finished-at="2022-03-23T12:02:54Z" duration-ms="1349441" status="PASS">
          <reporter-output>
          </reporter-output>
        </test-method> <!-- shipmentCreation -->
        <test-method is-config="true" signature="end()[pri:0, instance:shipmentFedExWebSite.ShipmentCreation@68df9280]" started-at="2022-03-23T12:02:54Z" name="end" finished-at="2022-03-23T12:02:55Z" duration-ms="672" status="PASS">
          <reporter-output>
          </reporter-output>
        </test-method> <!-- end -->
      </class> <!-- shipmentFedExWebSite.ShipmentCreation -->
    </test> <!-- Default test -->
  </suite> <!-- Default suite -->
</testng-results>
