<?xml version="1.0" encoding="UTF-8"?>
<testng-results total="1" passed="1" failed="0" skipped="0">
  <reporter-output>
  </reporter-output>
  <suite started-at="2022-03-01T06:38:15Z" name="FedExApplication" finished-at="2022-03-01T06:42:16Z" duration-ms="241263">
    <groups>
    </groups>
    <test started-at="2022-03-01T06:38:15Z" name="Crud Operations" finished-at="2022-03-01T06:42:16Z" duration-ms="241263">
      <class name="com.fdxMasterScreens.BaseClass">
        <test-method is-config="true" signature="startUp()[pri:0, instance:com.fdxMasterScreens.BaseClass@4ff8d125]" started-at="2022-03-01T12:07:59Z" name="startUp" finished-at="2022-03-01T12:08:15Z" duration-ms="16356" status="PASS">
          <reporter-output>
          </reporter-output>
        </test-method> <!-- startUp -->
        <test-method signature="baseMethods()[pri:0, instance:com.fdxMasterScreens.BaseClass@4ff8d125]" started-at="2022-03-01T12:08:15Z" name="baseMethods" finished-at="2022-03-01T12:12:16Z" duration-ms="241229" status="PASS">
          <reporter-output>
          </reporter-output>
        </test-method> <!-- baseMethods -->
        <test-method is-config="true" signature="end()[pri:0, instance:com.fdxMasterScreens.BaseClass@4ff8d125]" started-at="2022-03-01T12:12:16Z" name="end" finished-at="2022-03-01T12:12:17Z" duration-ms="320" status="PASS">
          <reporter-output>
          </reporter-output>
        </test-method> <!-- end -->
      </class> <!-- com.fdxMasterScreens.BaseClass -->
    </test> <!-- Crud Operations -->
  </suite> <!-- FedExApplication -->
</testng-results>
