<?xml version="1.0" encoding="UTF-8"?>
<testng-results total="1" passed="1" failed="0" skipped="0">
  <reporter-output>
  </reporter-output>
  <suite started-at="2022-03-01T11:56:42Z" name="Default suite" finished-at="2022-03-01T12:01:26Z" duration-ms="284910">
    <groups>
    </groups>
    <test started-at="2022-03-01T11:56:42Z" name="Default test" finished-at="2022-03-01T12:01:26Z" duration-ms="284910">
      <class name="shipmentFedExWebSite.CrudOperation">
        <test-method is-config="true" signature="startUp()[pri:0, instance:shipmentFedExWebSite.CrudOperation@54504ecd]" started-at="2022-03-01T17:26:30Z" name="startUp" finished-at="2022-03-01T17:26:42Z" duration-ms="11425" status="PASS">
          <reporter-output>
          </reporter-output>
        </test-method> <!-- startUp -->
        <test-method signature="crudOperations()[pri:0, instance:shipmentFedExWebSite.CrudOperation@54504ecd]" started-at="2022-03-01T17:26:42Z" name="crudOperations" finished-at="2022-03-01T17:31:26Z" duration-ms="284890" status="PASS">
          <reporter-output>
          </reporter-output>
        </test-method> <!-- crudOperations -->
        <test-method is-config="true" signature="end()[pri:0, instance:shipmentFedExWebSite.CrudOperation@54504ecd]" started-at="2022-03-01T17:31:26Z" name="end" finished-at="2022-03-01T17:31:31Z" duration-ms="4372" status="PASS">
          <reporter-output>
          </reporter-output>
        </test-method> <!-- end -->
      </class> <!-- shipmentFedExWebSite.CrudOperation -->
    </test> <!-- Default test -->
  </suite> <!-- Default suite -->
</testng-results>
