<?xml version="1.0" encoding="UTF-8"?>
<testng-results total="1" passed="1" failed="0" skipped="0">
  <reporter-output>
  </reporter-output>
  <suite started-at="2022-05-26T07:14:04Z" name="Default suite" finished-at="2022-05-26T07:17:48Z" duration-ms="224099">
    <groups>
    </groups>
    <test started-at="2022-05-26T07:14:04Z" name="Default test" finished-at="2022-05-26T07:17:48Z" duration-ms="224099">
      <class name="com.fdxMasterScreens.BaseClass">
        <test-method is-config="true" signature="startUp()[pri:0, instance:com.fdxMasterScreens.BaseClass@2421cc4]" started-at="2022-05-26T12:43:35Z" name="startUp" finished-at="2022-05-26T12:44:04Z" duration-ms="28445" status="PASS">
          <reporter-output>
          </reporter-output>
        </test-method> <!-- startUp -->
        <test-method signature="baseMethods()[pri:0, instance:com.fdxMasterScreens.BaseClass@2421cc4]" started-at="2022-05-26T12:44:04Z" name="baseMethods" finished-at="2022-05-26T12:47:48Z" duration-ms="224076" status="PASS">
          <reporter-output>
          </reporter-output>
        </test-method> <!-- baseMethods -->
        <test-method is-config="true" signature="end()[pri:0, instance:com.fdxMasterScreens.BaseClass@2421cc4]" started-at="2022-05-26T12:47:48Z" name="end" finished-at="2022-05-26T12:47:48Z" duration-ms="363" status="PASS">
          <reporter-output>
          </reporter-output>
        </test-method> <!-- end -->
      </class> <!-- com.fdxMasterScreens.BaseClass -->
    </test> <!-- Default test -->
  </suite> <!-- Default suite -->
</testng-results>
