<?xml version="1.0" encoding="UTF-8"?>
<testng-results total="1" passed="1" failed="0" skipped="0">
  <reporter-output>
  </reporter-output>
  <suite started-at="2022-06-14T11:48:46Z" name="Default suite" finished-at="2022-06-14T11:54:16Z" duration-ms="330012">
    <groups>
    </groups>
    <test started-at="2022-06-14T11:48:46Z" name="Default test" finished-at="2022-06-14T11:54:16Z" duration-ms="330012">
      <class name="shipmentFedExWebSite.CheetahOrderProcessing">
        <test-method is-config="true" signature="startUp()[pri:0, instance:shipmentFedExWebSite.CheetahOrderProcessing@62010f5c]" started-at="2022-06-14T17:18:30Z" name="startUp" finished-at="2022-06-14T17:18:46Z" duration-ms="16505" status="PASS">
          <reporter-output>
          </reporter-output>
        </test-method> <!-- startUp -->
        <test-method signature="cheetahOrderPro()[pri:0, instance:shipmentFedExWebSite.CheetahOrderProcessing@62010f5c]" started-at="2022-06-14T17:18:46Z" name="cheetahOrderPro" finished-at="2022-06-14T17:24:16Z" duration-ms="329994" status="PASS">
          <reporter-output>
          </reporter-output>
        </test-method> <!-- cheetahOrderPro -->
        <test-method is-config="true" signature="end()[pri:0, instance:shipmentFedExWebSite.CheetahOrderProcessing@62010f5c]" started-at="2022-06-14T17:24:16Z" name="end" finished-at="2022-06-14T17:24:16Z" duration-ms="170" status="PASS">
          <reporter-output>
          </reporter-output>
        </test-method> <!-- end -->
      </class> <!-- shipmentFedExWebSite.CheetahOrderProcessing -->
    </test> <!-- Default test -->
  </suite> <!-- Default suite -->
</testng-results>
