<?xml version="1.0" encoding="UTF-8"?>
<testng-results total="4" passed="4" failed="0" skipped="0">
  <reporter-output>
  </reporter-output>
  <suite started-at="2022-06-23T09:24:04Z" name="FedExApplication" finished-at="2022-06-23T09:39:25Z" duration-ms="920439">
    <groups>
    </groups>
    <test started-at="2022-06-23T09:24:04Z" name="Shipment Creation" finished-at="2022-06-23T09:28:02Z" duration-ms="237866">
      <class name="shipmentFedExWebSite.ShipmentCreation">
        <test-method signature="shipmentCreation()[pri:0, instance:shipmentFedExWebSite.ShipmentCreation@56673b2c]" started-at="2022-06-23T14:54:04Z" name="shipmentCreation" finished-at="2022-06-23T14:58:02Z" duration-ms="237813" status="PASS">
          <reporter-output>
          </reporter-output>
        </test-method> <!-- shipmentCreation -->
      </class> <!-- shipmentFedExWebSite.ShipmentCreation -->
    </test> <!-- Shipment Creation -->
    <test started-at="2022-06-23T09:28:02Z" name="Master Screens" finished-at="2022-06-23T09:34:15Z" duration-ms="372489">
      <class name="com.fdxMasterScreens.BaseClass">
        <test-method signature="baseMethods()[pri:0, instance:com.fdxMasterScreens.BaseClass@1c93f6e1]" started-at="2022-06-23T14:58:02Z" name="baseMethods" finished-at="2022-06-23T15:04:15Z" duration-ms="372484" status="PASS">
          <reporter-output>
          </reporter-output>
        </test-method> <!-- baseMethods -->
      </class> <!-- com.fdxMasterScreens.BaseClass -->
    </test> <!-- Master Screens -->
    <test started-at="2022-06-23T09:34:15Z" name="Crud Operations" finished-at="2022-06-23T09:38:16Z" duration-ms="240914">
      <class name="shipmentFedExWebSite.CrudOperation">
        <test-method signature="crudOperations()[pri:0, instance:shipmentFedExWebSite.CrudOperation@2fd953a6]" started-at="2022-06-23T15:04:15Z" name="crudOperations" finished-at="2022-06-23T15:08:16Z" duration-ms="240909" status="PASS">
          <reporter-output>
          </reporter-output>
        </test-method> <!-- crudOperations -->
      </class> <!-- shipmentFedExWebSite.CrudOperation -->
    </test> <!-- Crud Operations -->
    <test started-at="2022-06-23T09:38:16Z" name="Broken Links" finished-at="2022-06-23T09:39:25Z" duration-ms="69130">
      <class name="com.fdxMasterScreens.BrokenLinks">
        <test-method is-config="true" signature="startUp()[pri:0, instance:com.fdxMasterScreens.BrokenLinks@35432107]" started-at="2022-06-23T14:53:48Z" name="startUp" finished-at="2022-06-23T14:54:04Z" duration-ms="16325" status="PASS">
          <reporter-output>
          </reporter-output>
        </test-method> <!-- startUp -->
        <test-method signature="brokenLinks()[pri:0, instance:com.fdxMasterScreens.BrokenLinks@35432107]" started-at="2022-06-23T15:08:16Z" name="brokenLinks" finished-at="2022-06-23T15:09:25Z" duration-ms="69126" status="PASS">
          <reporter-output>
          </reporter-output>
        </test-method> <!-- brokenLinks -->
        <test-method is-config="true" signature="end()[pri:0, instance:com.fdxMasterScreens.BrokenLinks@35432107]" started-at="2022-06-23T15:09:25Z" name="end" finished-at="2022-06-23T15:09:26Z" duration-ms="714" status="PASS">
          <reporter-output>
          </reporter-output>
        </test-method> <!-- end -->
      </class> <!-- com.fdxMasterScreens.BrokenLinks -->
    </test> <!-- Broken Links -->
  </suite> <!-- FedExApplication -->
</testng-results>
