<?xml version="1.0" encoding="UTF-8"?>
<testng-results total="1" passed="1" failed="0" skipped="0">
  <reporter-output>
  </reporter-output>
  <suite started-at="2022-04-01T05:35:50Z" name="Default suite" finished-at="2022-04-01T05:42:19Z" duration-ms="388283">
    <groups>
    </groups>
    <test started-at="2022-04-01T05:35:50Z" name="Default test" finished-at="2022-04-01T05:42:19Z" duration-ms="388283">
      <class name="shipmentFedExWebSite.CheetahOrderProcessing">
        <test-method is-config="true" signature="startUp()[pri:0, instance:shipmentFedExWebSite.CheetahOrderProcessing@5be46f9d]" started-at="2022-04-01T11:05:16Z" name="startUp" finished-at="2022-04-01T11:05:50Z" duration-ms="34011" status="PASS">
          <reporter-output>
          </reporter-output>
        </test-method> <!-- startUp -->
        <test-method signature="cheetahOrderPro()[pri:0, instance:shipmentFedExWebSite.CheetahOrderProcessing@5be46f9d]" started-at="2022-04-01T11:05:50Z" name="cheetahOrderPro" finished-at="2022-04-01T11:12:19Z" duration-ms="388243" status="PASS">
          <reporter-output>
          </reporter-output>
        </test-method> <!-- cheetahOrderPro -->
        <test-method is-config="true" signature="end()[pri:0, instance:shipmentFedExWebSite.CheetahOrderProcessing@5be46f9d]" started-at="2022-04-01T11:12:19Z" name="end" finished-at="2022-04-01T11:12:19Z" duration-ms="623" status="PASS">
          <reporter-output>
          </reporter-output>
        </test-method> <!-- end -->
      </class> <!-- shipmentFedExWebSite.CheetahOrderProcessing -->
    </test> <!-- Default test -->
  </suite> <!-- Default suite -->
</testng-results>
