<?xml version="1.0" encoding="UTF-8"?>
<testng-results total="1" passed="1" failed="0" skipped="0">
  <reporter-output>
  </reporter-output>
  <suite started-at="2022-03-31T06:24:16Z" name="Default suite" finished-at="2022-03-31T06:29:33Z" duration-ms="316899">
    <groups>
    </groups>
    <test started-at="2022-03-31T06:24:16Z" name="Default test" finished-at="2022-03-31T06:29:33Z" duration-ms="316899">
      <class name="shipmentFedExWebSite.CrudOperation">
        <test-method is-config="true" signature="startUp()[pri:0, instance:shipmentFedExWebSite.CrudOperation@68df9280]" started-at="2022-03-31T11:53:51Z" name="startUp" finished-at="2022-03-31T11:54:16Z" duration-ms="25538" status="PASS">
          <reporter-output>
          </reporter-output>
        </test-method> <!-- startUp -->
        <test-method signature="crudOperations()[pri:0, instance:shipmentFedExWebSite.CrudOperation@68df9280]" started-at="2022-03-31T11:54:16Z" name="crudOperations" finished-at="2022-03-31T11:59:33Z" duration-ms="316883" status="PASS">
          <reporter-output>
          </reporter-output>
        </test-method> <!-- crudOperations -->
        <test-method is-config="true" signature="end()[pri:0, instance:shipmentFedExWebSite.CrudOperation@68df9280]" started-at="2022-03-31T11:59:33Z" name="end" finished-at="2022-03-31T11:59:34Z" duration-ms="703" status="PASS">
          <reporter-output>
          </reporter-output>
        </test-method> <!-- end -->
      </class> <!-- shipmentFedExWebSite.CrudOperation -->
    </test> <!-- Default test -->
  </suite> <!-- Default suite -->
</testng-results>
