<?xml version="1.0" encoding="UTF-8"?>
<testng-results total="1" passed="1" failed="0" skipped="0">
  <reporter-output>
  </reporter-output>
  <suite started-at="2022-05-19T11:18:46Z" name="Default suite" finished-at="2022-05-19T11:20:18Z" duration-ms="91731">
    <groups>
    </groups>
    <test started-at="2022-05-19T11:18:46Z" name="Default test" finished-at="2022-05-19T11:20:18Z" duration-ms="91731">
      <class name="com.fdxMasterScreens.AddressBook">
        <test-method is-config="true" signature="startUp()[pri:0, instance:com.fdxMasterScreens.AddressBook@338c99c8]" started-at="2022-05-19T16:48:26Z" name="startUp" finished-at="2022-05-19T16:48:46Z" duration-ms="19843" status="PASS">
          <reporter-output>
          </reporter-output>
        </test-method> <!-- startUp -->
        <test-method signature="addrBook()[pri:0, instance:com.fdxMasterScreens.AddressBook@338c99c8]" started-at="2022-05-19T16:48:46Z" name="addrBook" finished-at="2022-05-19T16:50:18Z" duration-ms="91717" status="PASS">
          <reporter-output>
          </reporter-output>
        </test-method> <!-- addrBook -->
        <test-method is-config="true" signature="end()[pri:0, instance:com.fdxMasterScreens.AddressBook@338c99c8]" started-at="2022-05-19T16:50:18Z" name="end" finished-at="2022-05-19T16:50:18Z" duration-ms="281" status="PASS">
          <reporter-output>
          </reporter-output>
        </test-method> <!-- end -->
      </class> <!-- com.fdxMasterScreens.AddressBook -->
    </test> <!-- Default test -->
  </suite> <!-- Default suite -->
</testng-results>
