<?xml version="1.0" encoding="UTF-8"?>
<testng-results total="1" passed="1" failed="0" skipped="0">
  <reporter-output>
  </reporter-output>
  <suite started-at="2022-04-28T13:03:20Z" name="Default suite" finished-at="2022-04-28T13:05:06Z" duration-ms="105651">
    <groups>
    </groups>
    <test started-at="2022-04-28T13:03:20Z" name="Default test" finished-at="2022-04-28T13:05:06Z" duration-ms="105651">
      <class name="shipmentFedExWebSite.ShipmentCreation">
        <test-method is-config="true" signature="startUp()[pri:0, instance:shipmentFedExWebSite.ShipmentCreation@58ce9668]" started-at="2022-04-28T18:33:01Z" name="startUp" finished-at="2022-04-28T18:33:20Z" duration-ms="18970" status="PASS">
          <reporter-output>
          </reporter-output>
        </test-method> <!-- startUp -->
        <test-method signature="shipmentCreation()[pri:0, instance:shipmentFedExWebSite.ShipmentCreation@58ce9668]" started-at="2022-04-28T18:33:20Z" name="shipmentCreation" finished-at="2022-04-28T18:35:06Z" duration-ms="105622" status="PASS">
          <reporter-output>
          </reporter-output>
        </test-method> <!-- shipmentCreation -->
        <test-method is-config="true" signature="end()[pri:0, instance:shipmentFedExWebSite.ShipmentCreation@58ce9668]" started-at="2022-04-28T18:35:06Z" name="end" finished-at="2022-04-28T18:35:06Z" duration-ms="350" status="PASS">
          <reporter-output>
          </reporter-output>
        </test-method> <!-- end -->
      </class> <!-- shipmentFedExWebSite.ShipmentCreation -->
    </test> <!-- Default test -->
  </suite> <!-- Default suite -->
</testng-results>
