<?xml version="1.0" encoding="UTF-8"?>
<testng-results total="6" passed="5" failed="1" skipped="0">
  <reporter-output>
  </reporter-output>
  <suite started-at="2022-04-27T08:09:23Z" name="FedExApplication" finished-at="2022-04-27T09:29:56Z" duration-ms="4833004">
    <groups>
    </groups>
    <test started-at="2022-04-27T08:09:23Z" name="Rate Verification" finished-at="2022-04-27T08:42:42Z" duration-ms="1998345">
      <class name="rateScreenFedEx.RateVerification">
        <test-method signature="prService()[pri:0, instance:rateScreenFedEx.RateVerification@1339e7aa]" started-at="2022-04-27T13:39:23Z" name="prService" finished-at="2022-04-27T14:12:42Z" duration-ms="1998255" status="FAIL">
          <exception class="org.apache.poi.openxml4j.exceptions.OpenXML4JRuntimeException">
            <message>
              <![CDATA[Fail to save: an error occurs while saving the package : The part /docProps/app.xml failed to be saved in the stream with marshaller org.apache.poi.openxml4j.opc.internal.marshallers.DefaultMarshaller@42a0c996]]>
            </message>
            <full-stacktrace>
              <![CDATA[org.apache.poi.openxml4j.exceptions.OpenXML4JRuntimeException: Fail to save: an error occurs while saving the package : The part /docProps/app.xml failed to be saved in the stream with marshaller org.apache.poi.openxml4j.opc.internal.marshallers.DefaultMarshaller@42a0c996
	at org.apache.poi.openxml4j.opc.ZipPackage.saveImpl(ZipPackage.java:595)
	at org.apache.poi.openxml4j.opc.OPCPackage.save(OPCPackage.java:1539)
	at org.apache.poi.POIXMLDocument.write(POIXMLDocument.java:227)
	at rateScreenFedEx.RateVerification.prService(RateVerification.java:316)
	at java.base/jdk.internal.reflect.NativeMethodAccessorImpl.invoke0(Native Method)
	at java.base/jdk.internal.reflect.NativeMethodAccessorImpl.invoke(NativeMethodAccessorImpl.java:78)
	at java.base/jdk.internal.reflect.DelegatingMethodAccessorImpl.invoke(DelegatingMethodAccessorImpl.java:43)
	at java.base/java.lang.reflect.Method.invoke(Method.java:567)
	at org.testng.internal.MethodInvocationHelper.invokeMethod(MethodInvocationHelper.java:84)
	at org.testng.internal.Invoker.invokeMethod(Invoker.java:714)
	at org.testng.internal.Invoker.invokeTestMethod(Invoker.java:901)
	at org.testng.internal.Invoker.invokeTestMethods(Invoker.java:1231)
	at org.testng.internal.TestMethodWorker.invokeTestMethods(TestMethodWorker.java:127)
	at org.testng.internal.TestMethodWorker.run(TestMethodWorker.java:111)
	at org.testng.TestRunner.privateRun(TestRunner.java:767)
	at org.testng.TestRunner.run(TestRunner.java:617)
	at org.testng.SuiteRunner.runTest(SuiteRunner.java:334)
	at org.testng.SuiteRunner.runSequentially(SuiteRunner.java:329)
	at org.testng.SuiteRunner.privateRun(SuiteRunner.java:291)
	at org.testng.SuiteRunner.run(SuiteRunner.java:240)
	at org.testng.SuiteRunnerWorker.runSuite(SuiteRunnerWorker.java:52)
	at org.testng.SuiteRunnerWorker.run(SuiteRunnerWorker.java:86)
	at org.testng.TestNG.runSuitesSequentially(TestNG.java:1224)
	at org.testng.TestNG.runSuitesLocally(TestNG.java:1149)
	at org.testng.TestNG.run(TestNG.java:1057)
	at org.testng.remote.AbstractRemoteTestNG.run(AbstractRemoteTestNG.java:115)
	at org.testng.remote.RemoteTestNG.initAndRun(RemoteTestNG.java:251)
	at org.testng.remote.RemoteTestNG.main(RemoteTestNG.java:77)
Caused by: org.apache.poi.openxml4j.exceptions.OpenXML4JException: The part /docProps/app.xml failed to be saved in the stream with marshaller org.apache.poi.openxml4j.opc.internal.marshallers.DefaultMarshaller@42a0c996
	at org.apache.poi.openxml4j.opc.ZipPackage.saveImpl(ZipPackage.java:586)
	... 27 more
]]>
            </full-stacktrace>
          </exception> <!-- org.apache.poi.openxml4j.exceptions.OpenXML4JRuntimeException -->
          <reporter-output>
          </reporter-output>
        </test-method> <!-- prService -->
      </class> <!-- rateScreenFedEx.RateVerification -->
    </test> <!-- Rate Verification -->
    <test started-at="2022-04-27T08:42:42Z" name="Shipment Creation" finished-at="2022-04-27T09:22:28Z" duration-ms="2386482">
      <class name="shipmentFedExWebSite.ShipmentCreation">
        <test-method signature="shipmentCreation()[pri:0, instance:shipmentFedExWebSite.ShipmentCreation@632ceb35]" started-at="2022-04-27T14:12:42Z" name="shipmentCreation" finished-at="2022-04-27T14:52:28Z" duration-ms="2386467" status="PASS">
          <reporter-output>
          </reporter-output>
        </test-method> <!-- shipmentCreation -->
      </class> <!-- shipmentFedExWebSite.ShipmentCreation -->
    </test> <!-- Shipment Creation -->
    <test started-at="2022-04-27T09:22:28Z" name="Master Screens" finished-at="2022-04-27T09:22:44Z" duration-ms="15514">
      <class name="com.fdxMasterScreens.BaseClass">
        <test-method signature="baseMethods()[pri:0, instance:com.fdxMasterScreens.BaseClass@60856961]" started-at="2022-04-27T14:52:28Z" name="baseMethods" finished-at="2022-04-27T14:52:44Z" duration-ms="15509" status="PASS">
          <reporter-output>
          </reporter-output>
        </test-method> <!-- baseMethods -->
      </class> <!-- com.fdxMasterScreens.BaseClass -->
    </test> <!-- Master Screens -->
    <test started-at="2022-04-27T09:22:44Z" name="Crud Operations" finished-at="2022-04-27T09:26:55Z" duration-ms="251009">
      <class name="shipmentFedExWebSite.CrudOperation">
        <test-method signature="crudOperations()[pri:0, instance:shipmentFedExWebSite.CrudOperation@6ccdb29f]" started-at="2022-04-27T14:52:44Z" name="crudOperations" finished-at="2022-04-27T14:56:55Z" duration-ms="251007" status="PASS">
          <reporter-output>
          </reporter-output>
        </test-method> <!-- crudOperations -->
      </class> <!-- shipmentFedExWebSite.CrudOperation -->
    </test> <!-- Crud Operations -->
    <test started-at="2022-04-27T09:26:55Z" name="Broken Links" finished-at="2022-04-27T09:28:26Z" duration-ms="90989">
      <class name="com.fdxMasterScreens.BrokenLinks">
        <test-method signature="brokenLinks()[pri:0, instance:com.fdxMasterScreens.BrokenLinks@5d066c7d]" started-at="2022-04-27T14:56:55Z" name="brokenLinks" finished-at="2022-04-27T14:58:26Z" duration-ms="90982" status="PASS">
          <reporter-output>
          </reporter-output>
        </test-method> <!-- brokenLinks -->
      </class> <!-- com.fdxMasterScreens.BrokenLinks -->
    </test> <!-- Broken Links -->
    <test started-at="2022-04-27T09:28:26Z" name="Cheetah Order Processing" finished-at="2022-04-27T09:29:56Z" duration-ms="90546">
      <class name="shipmentFedExWebSite.CheetahOrderProcessing">
        <test-method is-config="true" signature="startUp()[pri:0, instance:shipmentFedExWebSite.CheetahOrderProcessing@39de3d36]" started-at="2022-04-27T13:39:03Z" name="startUp" finished-at="2022-04-27T13:39:23Z" duration-ms="20515" status="PASS">
          <reporter-output>
          </reporter-output>
        </test-method> <!-- startUp -->
        <test-method signature="cheetahOrderPro()[pri:0, instance:shipmentFedExWebSite.CheetahOrderProcessing@39de3d36]" started-at="2022-04-27T14:58:26Z" name="cheetahOrderPro" finished-at="2022-04-27T14:59:56Z" duration-ms="90540" status="PASS">
          <reporter-output>
          </reporter-output>
        </test-method> <!-- cheetahOrderPro -->
        <test-method is-config="true" signature="end()[pri:0, instance:shipmentFedExWebSite.CheetahOrderProcessing@39de3d36]" started-at="2022-04-27T14:59:56Z" name="end" finished-at="2022-04-27T14:59:57Z" duration-ms="623" status="PASS">
          <reporter-output>
          </reporter-output>
        </test-method> <!-- end -->
      </class> <!-- shipmentFedExWebSite.CheetahOrderProcessing -->
    </test> <!-- Cheetah Order Processing -->
  </suite> <!-- FedExApplication -->
</testng-results>
