<?xml version="1.0" encoding="UTF-8"?>
<testng-results total="1" passed="1" failed="0" skipped="0">
  <reporter-output>
  </reporter-output>
  <suite started-at="2022-04-29T07:01:19Z" name="Default suite" finished-at="2022-04-29T07:10:23Z" duration-ms="543672">
    <groups>
    </groups>
    <test started-at="2022-04-29T07:01:19Z" name="Default test" finished-at="2022-04-29T07:10:23Z" duration-ms="543672">
      <class name="shipmentFedExWebSite.CheetahOrderProcessing">
        <test-method is-config="true" signature="startUp()[pri:0, instance:shipmentFedExWebSite.CheetahOrderProcessing@59a008ba]" started-at="2022-04-29T12:30:56Z" name="startUp" finished-at="2022-04-29T12:31:19Z" duration-ms="22783" status="PASS">
          <reporter-output>
          </reporter-output>
        </test-method> <!-- startUp -->
        <test-method signature="cheetahOrderPro()[pri:0, instance:shipmentFedExWebSite.CheetahOrderProcessing@59a008ba]" started-at="2022-04-29T12:31:19Z" name="cheetahOrderPro" finished-at="2022-04-29T12:40:23Z" duration-ms="543651" status="PASS">
          <reporter-output>
          </reporter-output>
        </test-method> <!-- cheetahOrderPro -->
        <test-method is-config="true" signature="end()[pri:0, instance:shipmentFedExWebSite.CheetahOrderProcessing@59a008ba]" started-at="2022-04-29T12:40:23Z" name="end" finished-at="2022-04-29T12:40:24Z" duration-ms="598" status="PASS">
          <reporter-output>
          </reporter-output>
        </test-method> <!-- end -->
      </class> <!-- shipmentFedExWebSite.CheetahOrderProcessing -->
    </test> <!-- Default test -->
  </suite> <!-- Default suite -->
</testng-results>
