<?xml version="1.0" encoding="UTF-8"?>
<!-- Generated by org.testng.reporters.JUnitXMLReporter -->
<testsuite hostname="SIPL92" failures="1" tests="1" name="Master Screens" time="6.9" errors="0" timestamp="4 May 2022 04:23:12 GMT">
  <testcase classname="com.fdxMasterScreens.BaseClass" name="baseMethods" time="6.898">
    <failure type="java.lang.NullPointerException">
      <![CDATA[java.lang.NullPointerException
	at com.fdxMasterScreens.ExcelDataProvider.getData(ExcelDataProvider.java:30)
	at com.fdxMasterScreens.TrackShipment.trckShipment(TrackShipment.java:27)
	at com.fdxMasterScreens.BaseClass.baseMethods(BaseClass.java:24)
... Removed 23 stack frames]]>
    </failure>
  </testcase> <!-- baseMethods -->
</testsuite> <!-- Master Screens -->
