<?xml version="1.0" encoding="UTF-8"?>
<!-- Generated by org.testng.reporters.JUnitXMLReporter -->
<testsuite hostname="SIPL92" failures="1" tests="1" name="Shipment Creation" time="1869.79" errors="0" timestamp="25 May 2022 04:51:06 GMT">
  <testcase classname="shipmentFedExWebSite.ShipmentCreation" name="shipmentCreation" time="1869.786">
    <failure type="java.lang.NullPointerException">
      <![CDATA[java.lang.NullPointerException
	at shipmentFedExWebSite.ShipmentCreation.shipmentCreation(ShipmentCreation.java:596)
... Removed 23 stack frames]]>
    </failure>
  </testcase> <!-- shipmentCreation -->
</testsuite> <!-- Shipment Creation -->
